
 *** Getting goodies from ... Alabama ***

Auburn University Recreation and Wellness Center

...===> Weird Google stuff happened with this one 
(Auburn University Recreation and Wellness Center)
 ..moving on <===


 Waiting 1 seconds per request... zzz

Birmingham Boulders

 Waiting 1 seconds per request... zzz

Campus Recreation Center

 Waiting 1 seconds per request... zzz

Faucett Brothers Activity Center

 Waiting 1 seconds per request... zzz

First Avenue Rocks

 Waiting 1 seconds per request... zzz

Fortenberry-Colton Fitness Center

 Waiting 1 seconds per request... zzz

Gadrock

 Waiting 1 seconds per request... zzz

High Point Climbing - Birmingham

 Waiting 1 seconds per request... zzz

High Point Climbing - Huntsville

 Waiting 1 seconds per request... zzz

University of Alabama

 Waiting 1 seconds per request... zzz

University of South Alabama - Student Recreation Center

 Waiting 1 seconds per request... zzz

YMCA Camp Cosby Alpine Tower

 Waiting 1 seconds per request... zzz


 Waiting 10 seconds until next state... zzz

All data from 1 state/s now successfully written to file!

 *** Getting goodies from ... Alaska ***

Alaska Rock Gym

 Waiting 1 seconds per request... zzz

Alaska-Pacific University Climbing Wall

 Waiting 1 seconds per request... zzz

Ascension Rock Club

 Waiting 1 seconds per request... zzz

Cassel Rock

 Waiting 1 seconds per request... zzz

Piuraagvik Recreation Center

 Waiting 1 seconds per request... zzz

Rock On Climbing

 Waiting 1 seconds per request... zzz

Skagway Recreation Center

 Waiting 1 seconds per request... zzz

The Alaska Club South

 Waiting 1 seconds per request... zzz

The Alaska Club Valley

 Waiting 1 seconds per request... zzz

The Alaska Club West

 Waiting 1 seconds per request... zzz

The Rock Dump Indoor Climbing Gym

 Waiting 1 seconds per request... zzz

University of Alaska Southeast Climbing Wall

 Waiting 1 seconds per request... zzz

University of Alaska Student Rec Center

 Waiting 1 seconds per request... zzz

Valdez Middle School Climbing Gym

 Waiting 1 seconds per request... zzz


 Waiting 10 seconds until next state... zzz

All data from 2 state/s now successfully written to file!

 *** Getting goodies from ... Arizona ***

Alta Boulders

 Waiting 1 seconds per request... zzz

Alta Climbing and Fitness

 Waiting 1 seconds per request... zzz

Ape Index

 Waiting 1 seconds per request... zzz

Arches Climbing + Fitness

 Waiting 1 seconds per request... zzz

AZ on the Rocks

 Waiting 1 seconds per request... zzz

Beta Bouldering Gym 

 Waiting 1 seconds per request... zzz

Black Rock Bouldering Gym

 Waiting 1 seconds per request... zzz

Ciba Climbing

 Waiting 1 seconds per request... zzz

Climbmax Climbing Gym

 Waiting 1 seconds per request... zzz

Flagstaff Climbing: Downtown Crag

 Waiting 1 seconds per request... zzz

Flagstaff Climbing: Main Street Boulders

 Waiting 1 seconds per request... zzz

Focus Climbing Center

 Waiting 1 seconds per request... zzz

GCU Climbing Wall

 Waiting 1 seconds per request... zzz

Gecko Climbing Gym

 Waiting 1 seconds per request... zzz

Gripstone

 Waiting 1 seconds per request... zzz

Lifetime Fitness

 Waiting 1 seconds per request... zzz

Lifetime Fitnesses Palm Valley

 Waiting 1 seconds per request... zzz

Miraval Luxury Resort

 Waiting 1 seconds per request... zzz

Northern Arizona University Climbing wall

 Waiting 1 seconds per request... zzz

Phoenix Rock Gym

 Waiting 1 seconds per request... zzz

Prescott Rocks and Rec

 Waiting 1 seconds per request... zzz

Rock Solid Climbing & Fitness

 Waiting 1 seconds per request... zzz

Rocks and Ropes Climbing Gym

 Waiting 1 seconds per request... zzz

The Bloc

 Waiting 1 seconds per request... zzz


 Waiting 10 seconds until next state... zzz

All data from 3 state/s now successfully written to file!

 *** Getting goodies from ... Arkansas ***

Climb Bentonville

 Waiting 1 seconds per request... zzz

La Casa Pollo

 Waiting 1 seconds per request... zzz

Little Rock Climbing Center

 Waiting 1 seconds per request... zzz

Ozark Climbing Gym

 Waiting 1 seconds per request... zzz

The Crag

 Waiting 1 seconds per request... zzz

The Wall (Russellville Climbing Center)

 Waiting 1 seconds per request... zzz

University of Arkansas Outdoor Center

 Waiting 1 seconds per request... zzz

Vertical Horizons

 Waiting 1 seconds per request... zzz

Zion Climbing Center

 Waiting 1 seconds per request... zzz


 Waiting 10 seconds until next state... zzz

All data from 4 state/s now successfully written to file!

 *** Getting goodies from ... California ***

24 Hour Fitness - Lakeshore Towers

 Waiting 1 seconds per request... zzz

Adventure Associates

 Waiting 1 seconds per request... zzz

Aesthetic Climbing Gym

 Waiting 1 seconds per request... zzz

Agoura Hills/Calabasas Community Center

 Waiting 1 seconds per request... zzz

Aztec Recreation Center

 Waiting 1 seconds per request... zzz

Bladium Rock Wall

 Waiting 1 seconds per request... zzz

Blue Granite Climbing Gym

 Waiting 1 seconds per request... zzz

Boulderdash Indoor Rock Climbing

 Waiting 1 seconds per request... zzz

Boulderdash SFV

 Waiting 1 seconds per request... zzz

Boulderdash Ventura

 Waiting 1 seconds per request... zzz

Bridges Rock Gym

 Waiting 1 seconds per request... zzz

Cal Poly Pomona, Bronco Recreation and Intramural Complex (BRIC)

 Waiting 1 seconds per request... zzz

Class 5 Fitness

 Waiting 1 seconds per request... zzz

Cliffs of Id

 Waiting 1 seconds per request... zzz

Crux Climbing Center

 Waiting 1 seconds per request... zzz

CSU San Bernardino

 Waiting 1 seconds per request... zzz

Diablo Rock Gym

 Waiting 1 seconds per request... zzz

Dogpatch Boulders

 Waiting 1 seconds per request... zzz

Far North Climbing Gym

 Waiting 1 seconds per request... zzz

Flowstone Climbing

 Waiting 1 seconds per request... zzz

Frog's Athletic Club

 Waiting 1 seconds per request... zzz

Gold Crush Climbing Gym

 Waiting 1 seconds per request... zzz

Goleta Valley Athletic Club

 Waiting 1 seconds per request... zzz

Granite Arch Climbing Center

 Waiting 1 seconds per request... zzz

Gravity Works / Sports Exchange

 Waiting 1 seconds per request... zzz

Great Western Power Co.

 Waiting 1 seconds per request... zzz

Gritstone Rock Club

 Waiting 1 seconds per request... zzz

Grotto Climbing & Yoga

 Waiting 1 seconds per request... zzz

Gymnastics World

 Waiting 1 seconds per request... zzz

Hangar 18 East Riverside

 Waiting 1 seconds per request... zzz

Hangar 18 High Desert

 Waiting 1 seconds per request... zzz

Hangar 18 Long Beach

 Waiting 1 seconds per request... zzz

Hangar 18 Mission Viejo

 Waiting 1 seconds per request... zzz

Hangar 18 Orange

 Waiting 1 seconds per request... zzz

Hangar 18 Orange

 Waiting 1 seconds per request... zzz

Hangar 18 Rancho Cucamonga

 Waiting 1 seconds per request... zzz

Hangar 18 Riverside

 Waiting 1 seconds per request... zzz

Hangar 18 San Clemente

 Waiting 1 seconds per request... zzz

Hangar 18 Southbay

 Waiting 1 seconds per request... zzz

Hangar 18 Upland

 Waiting 1 seconds per request... zzz

Hanger 18 Arcadia

 Waiting 1 seconds per request... zzz

Hollywood Boulders

 Waiting 1 seconds per request... zzz

Humboldt State University Student Recreation Center

 Waiting 1 seconds per request... zzz

Ironworks

 Waiting 1 seconds per request... zzz

Kids Party Central

 Waiting 1 seconds per request... zzz

LA Boulders

 Waiting 1 seconds per request... zzz

Long Beach Rising

 Waiting 1 seconds per request... zzz

Mesa Rim - Climbing Academy

 Waiting 1 seconds per request... zzz

Mesa Rim - Mira Mesa

 Waiting 1 seconds per request... zzz

Mesa Rim - Mission Valley

 Waiting 1 seconds per request... zzz

Mesa Rim - North City

 Waiting 1 seconds per request... zzz

Metal Mark

 Waiting 1 seconds per request... zzz

Mission Cliffs

 Waiting 1 seconds per request... zzz

North of the River

 Waiting 1 seconds per request... zzz

Outback Climbing wall

 Waiting 1 seconds per request... zzz

Pacific Edge Climbing

 Waiting 1 seconds per request... zzz

Planet Granite

 Waiting 1 seconds per request... zzz

Planet Granite

 Waiting 1 seconds per request... zzz

Planet Granite

 Waiting 1 seconds per request... zzz

Planet Granite Santa Clara

 Waiting 1 seconds per request... zzz

Rock Fitness

 Waiting 1 seconds per request... zzz

Rocknasium

 Waiting 1 seconds per request... zzz

Rockreation

 Waiting 1 seconds per request... zzz

Rockreation

 Waiting 1 seconds per request... zzz

Rocktopia

 Waiting 1 seconds per request... zzz

Rockzilla

 Waiting 1 seconds per request... zzz

Sacramento Pipeworks

 Waiting 1 seconds per request... zzz

Sage to Summit

 Waiting 1 seconds per request... zzz

Santa Barbara Rock Gym

 Waiting 1 seconds per request... zzz

Sender One Climbing - LAX

 Waiting 1 seconds per request... zzz

Sender One Climbing - SNA

 Waiting 1 seconds per request... zzz

Shasta Basecamp

 Waiting 1 seconds per request... zzz

Shasta Basecamp

 Waiting 1 seconds per request... zzz

Shasta Rock Club

 Waiting 1 seconds per request... zzz

SLO-Op Climbing 

 Waiting 1 seconds per request... zzz

SRC Rock Wall

 Waiting 1 seconds per request... zzz

Stonehenge Climbing Gym

 Waiting 1 seconds per request... zzz

Student Recreation Center at CSUB

 Waiting 1 seconds per request... zzz

Team Touchstone Training Facility

 Waiting 1 seconds per request... zzz

Terrain Park Climbing Center

 Waiting 1 seconds per request... zzz

The Boulder Field

 Waiting 1 seconds per request... zzz

The Pad

 Waiting 1 seconds per request... zzz

The Peak of Fremont

 Waiting 1 seconds per request... zzz

The Pit

 Waiting 1 seconds per request... zzz

The Rock Gym

 Waiting 1 seconds per request... zzz

The Stronghold Climbing Gym

 Waiting 1 seconds per request... zzz

The Studio

 Waiting 1 seconds per request... zzz

The Well at Sacramento State

 Waiting 1 seconds per request... zzz

Top Out Climbing Gym

 Waiting 1 seconds per request... zzz

Torrance South Bay YMCA

 Waiting 1 seconds per request... zzz

Touchstone MetalMark

 Waiting 1 seconds per request... zzz

TruHold Climbing

 Waiting 1 seconds per request... zzz

Twisters Sports

 Waiting 1 seconds per request... zzz

UCSB

 Waiting 1 seconds per request... zzz

University of California - Irvine

 Waiting 1 seconds per request... zzz

Verdigo Boulders

 Waiting 1 seconds per request... zzz

Vert Rock Gym

 Waiting 1 seconds per request... zzz

Vertex Climbing Center

 Waiting 1 seconds per request... zzz

Vertical Hold

 Waiting 1 seconds per request... zzz

Vertical Hold

 Waiting 1 seconds per request... zzz

Vertical Hold

 Waiting 1 seconds per request... zzz

Vertical Hold Gym

 Waiting 1 seconds per request... zzz

Vertical Hold Sport Climbing Inc.

 Waiting 1 seconds per request... zzz

Vital Climbing Gym

 Waiting 1 seconds per request... zzz

VITAL Climbing Gym

 Waiting 1 seconds per request... zzz

Vital Oceanside

 Waiting 1 seconds per request... zzz

WREC Climbing Gym

 Waiting 1 seconds per request... zzz


 Waiting 10 seconds until next state... zzz

All data from 5 state/s now successfully written to file!

 *** Getting goodies from ... Colorado ***

Adams State University Climbing Wall

 Waiting 1 seconds per request... zzz

Adventure Unlimited Rock Gym 

 Waiting 1 seconds per request... zzz

Airborne Gymnastics

 Waiting 1 seconds per request... zzz

Apex Center

 Waiting 1 seconds per request... zzz

Ascent Studio

 Waiting 1 seconds per request... zzz

Aspen Recreation Department Red Brick Climbing Gym

 Waiting 1 seconds per request... zzz

Basecamp Bouldering

 Waiting 1 seconds per request... zzz

Bass Pro Shops

 Waiting 1 seconds per request... zzz

Boulder Rec Center - East

 Waiting 1 seconds per request... zzz

Boulder Rock Club and Colorado Mountain School

 Waiting 1 seconds per request... zzz

Bouldering wall at Spring Valley Center

 Waiting 1 seconds per request... zzz

Broomfield Recreation Center Climbing Wall

 Waiting 1 seconds per request... zzz

Buchanan Park Recreation Center

 Waiting 1 seconds per request... zzz

Carla Madison Recreation Center

 Waiting 1 seconds per request... zzz

Charles Whitlock Climbing Gym

 Waiting 1 seconds per request... zzz

CityRock Colorado Springs

 Waiting 1 seconds per request... zzz

CMU Student Recreation Center

 Waiting 1 seconds per request... zzz

Colorado Athletic Training School

 Waiting 1 seconds per request... zzz

CSU Pueblo Climbing Wall

 Waiting 1 seconds per request... zzz

CSU Rec Center

 Waiting 1 seconds per request... zzz

Denver Bouldering Club

 Waiting 1 seconds per request... zzz

Denver Bouldering Club South

 Waiting 1 seconds per request... zzz

Eagle Climbing + Fitness

 Waiting 1 seconds per request... zzz

Earth Treks Englewood

 Waiting 1 seconds per request... zzz

Earth Treks Golden

 Waiting 1 seconds per request... zzz

Eastridge Recreation Center

 Waiting 1 seconds per request... zzz

Epic Climbing Gym

 Waiting 1 seconds per request... zzz

Erie Community Center

 Waiting 1 seconds per request... zzz

Estes Park Mountain Shop

 Waiting 1 seconds per request... zzz

Evo Rock + Fitness Louisville

 Waiting 1 seconds per request... zzz

Ft. Lewis College

 Waiting 1 seconds per request... zzz

G1 Climbing + Fitness

 Waiting 1 seconds per request... zzz

Glenwood Springs Rec Center

 Waiting 1 seconds per request... zzz

Golden Community Center

 Waiting 1 seconds per request... zzz

Grand Valley Climbing

 Waiting 1 seconds per request... zzz

Greeley Downtown Rec Center

 Waiting 1 seconds per request... zzz

Gripstone Climbing and Fitness

 Waiting 1 seconds per request... zzz

Gunnison Community Center

 Waiting 1 seconds per request... zzz

Gypsum Rec Center Climbing Pinnacle

 Waiting 1 seconds per request... zzz

Lakeshore Athletic Club

 Waiting 1 seconds per request... zzz

Lakewood Climbing Wall

 Waiting 1 seconds per request... zzz

LCA Climbing Center

 Waiting 1 seconds per request... zzz

Lifetime Fitness

 Waiting 1 seconds per request... zzz

Longmont Climbing Collective

 Waiting 1 seconds per request... zzz

Longmont Recreation Center

 Waiting 1 seconds per request... zzz

Miramont North

 Waiting 1 seconds per request... zzz

Monkey House Carbondale

 Waiting 1 seconds per request... zzz

Movement Climbing and Fitness

 Waiting 1 seconds per request... zzz

Movement Denver

 Waiting 1 seconds per request... zzz

Movement Rino

 Waiting 1 seconds per request... zzz

Parker Fieldhouse (The Pinnacle)

 Waiting 1 seconds per request... zzz

Peak Fitness

 Waiting 1 seconds per request... zzz

Pure Bouldering

 Waiting 1 seconds per request... zzz

REI - Denver

 Waiting 1 seconds per request... zzz

REI - Englewood

 Waiting 1 seconds per request... zzz

REI - Lakewood

 Waiting 1 seconds per request... zzz

Ridgway Secondary School Climbing Wall

 Waiting 1 seconds per request... zzz

ROCK'n & JAM'n  1

 Waiting 1 seconds per request... zzz

ROCK'n & JAM'n2

 Waiting 1 seconds per request... zzz

Springs Climbing Center

 Waiting 1 seconds per request... zzz

Summit Climbing Gym

 Waiting 1 seconds per request... zzz

The Gym of the Rockies

 Waiting 1 seconds per request... zzz

The Point Athletic

 Waiting 1 seconds per request... zzz

The Ridge Recreation Center

 Waiting 1 seconds per request... zzz

The Rock Lounge

 Waiting 1 seconds per request... zzz

The Rock Lounge

 Waiting 1 seconds per request... zzz

The Spot

 Waiting 1 seconds per request... zzz

The Spot - Denver

 Waiting 1 seconds per request... zzz

Town of Breckenridge Climbing Wall

 Waiting 1 seconds per request... zzz

Trails Recreation Center

 Waiting 1 seconds per request... zzz

Übergrippen Indoor Climbing Crag

 Waiting 1 seconds per request... zzz

UNC Campus Recreation Center

 Waiting 1 seconds per request... zzz

University of Colorado Climbing Gym

 Waiting 1 seconds per request... zzz

Vail Mountain Athletic Club

 Waiting 1 seconds per request... zzz

WECMRD Field House at Edwards

 Waiting 1 seconds per request... zzz

Westminster Climbing Wall

 Waiting 1 seconds per request... zzz

Wheat Ridge Recreation Center

 Waiting 1 seconds per request... zzz

Whetstone

 Waiting 1 seconds per request... zzz

Wooden Mountain

 Waiting 1 seconds per request... zzz

YMCA - Pueblo

 Waiting 1 seconds per request... zzz


 Waiting 10 seconds until next state... zzz

All data from 6 state/s now successfully written to file!

 *** Getting goodies from ... Connecticut ***

Beta Climbing

 Waiting 1 seconds per request... zzz

Central Rock Gym (Glastonbury)

 Waiting 1 seconds per request... zzz

City Climb Gym

 Waiting 1 seconds per request... zzz

Climb Danbury

 Waiting 1 seconds per request... zzz

Easton Community Center - MT. ECC Indoor Climbing Wall

 Waiting 1 seconds per request... zzz

Prime Climb

 Waiting 1 seconds per request... zzz

Rock Climb Fairfield

 Waiting 1 seconds per request... zzz

Sono Field House

 Waiting 1 seconds per request... zzz

Stone Age Rock Gym

 Waiting 1 seconds per request... zzz

The CT Rock Gym

 Waiting 1 seconds per request... zzz


 Waiting 10 seconds until next state... zzz

All data from 7 state/s now successfully written to file!

 *** Getting goodies from ... Delaware ***

Jewish Community Center Climbing Wall

 Waiting 1 seconds per request... zzz

RISE Fitness + Adventure

 Waiting 1 seconds per request... zzz

The Delaware Rock Gym

 Waiting 1 seconds per request... zzz

University of Delaware Climbing Wall

 Waiting 1 seconds per request... zzz


 Waiting 10 seconds until next state... zzz

All data from 8 state/s now successfully written to file!

 *** Getting goodies from ... Florida ***

Adventure HQ

 Waiting 1 seconds per request... zzz

Aiguille Rock Climbing Center

 Waiting 1 seconds per request... zzz

Beaches Rock Gym

 Waiting 1 seconds per request... zzz

Blue Swan Boulders

 Waiting 1 seconds per request... zzz

Boca Prep International School

 Waiting 1 seconds per request... zzz

Boys and Girls Club

 Waiting 1 seconds per request... zzz

Broward College South Campus

 Waiting 1 seconds per request... zzz

Coral Cliffs indoor rock climbing wall

 Waiting 1 seconds per request... zzz

Coral Square Mall

 Waiting 1 seconds per request... zzz

Cornerstone Rock Gym

 Waiting 1 seconds per request... zzz

Daytona Lagoon

 Waiting 1 seconds per request... zzz

DynoClimb

 Waiting 1 seconds per request... zzz

Livingston's Amusement Center

 Waiting 1 seconds per request... zzz

On The Edge Rock Climbing Gym

 Waiting 1 seconds per request... zzz

Project Rock

 Waiting 1 seconds per request... zzz

Rec Rock

 Waiting 1 seconds per request... zzz

Red Dragon Kenpo Karate

 Waiting 1 seconds per request... zzz

Rock Out Climbing Gym

 Waiting 1 seconds per request... zzz

Sarasota Family YMCA

 Waiting 1 seconds per request... zzz

Sheinberg Family YMCA of Weston

 Waiting 1 seconds per request... zzz

Sun Country Rocks

 Waiting 1 seconds per request... zzz

Tallahassee Rock Gym

 Waiting 1 seconds per request... zzz

The Edge Rock Gym

 Waiting 1 seconds per request... zzz

UCF Recreational Center Rock Tower

 Waiting 1 seconds per request... zzz

University Climbing Wall

 Waiting 1 seconds per request... zzz

UWF Climbing Center

 Waiting 1 seconds per request... zzz

Vertical Ventures

 Waiting 1 seconds per request... zzz

Vertical Ventures: St. Pete

 Waiting 1 seconds per request... zzz

Weatherford's Climbing Wall

 Waiting 1 seconds per request... zzz

X-treme: The Rock Climbing Center

 Waiting 1 seconds per request... zzz

YMCA of Greater St. Petersburg

 Waiting 1 seconds per request... zzz


 Waiting 10 seconds until next state... zzz

All data from 9 state/s now successfully written to file!
